<?xml version="1.0" encoding="UTF-8"?>
<testng-results skipped="0" failed="2" ignored="2" total="8" passed="4">
  <reporter-output>
    <line>
      <![CDATA[login Test Started..]]>
    </line>
    <line>
      <![CDATA[login Test Started..]]>
    </line>
    <line>
      <![CDATA[enterCustomerDataHere Test Started..]]>
    </line>
    <line>
      <![CDATA[enterCustomerDataHere Test Started..]]>
    </line>
    <line>
      <![CDATA[enterCustomerDataHere Test Started..]]>
    </line>
    <line>
      <![CDATA[enterCustomerDataHere Test Started..]]>
    </line>
  </reporter-output>
  <suite name="Suite" duration-ms="39240" started-at="2020-03-13T16:03:44 IST" finished-at="2020-03-13T16:04:23 IST">
    <groups>
    </groups>
    <test name="PTC UI Frameork" duration-ms="39240" started-at="2020-03-13T16:03:44 IST" finished-at="2020-03-13T16:04:23 IST">
      <class name="test_cases.NewCustomerTest">
        <test-method status="PASS" signature="setup()[pri:0, instance:test_cases.NewCustomerTest@3e57cd70]" name="setup" is-config="true" duration-ms="2" started-at="2020-03-13T16:04:03 IST" finished-at="2020-03-13T16:04:03 IST">
          <reporter-output>
          </reporter-output>
        </test-method> <!-- setup -->
        <test-method status="PASS" signature="setUp()[pri:0, instance:test_cases.NewCustomerTest@3e57cd70]" name="setUp" is-config="true" duration-ms="5" started-at="2020-03-13T16:04:04 IST" finished-at="2020-03-13T16:04:04 IST">
          <reporter-output>
          </reporter-output>
        </test-method> <!-- setUp -->
        <test-method status="FAIL" signature="enterCustomerDataHere(java.lang.String, java.lang.String, java.lang.String, java.lang.String, java.lang.String, java.lang.String, java.lang.String, java.lang.String, java.lang.String)[pri:2, instance:test_cases.NewCustomerTest@3e57cd70]" name="enterCustomerDataHere" duration-ms="1537" started-at="2020-03-13T16:04:04 IST" data-provider="readExcel" finished-at="2020-03-13T16:04:05 IST">
          <params>
            <param index="0">
              <value>
                <![CDATA[aa]]>
              </value>
            </param>
            <param index="1">
              <value>
                <![CDATA[12-03-1978]]>
              </value>
            </param>
            <param index="2">
              <value>
                <![CDATA[C402 Colonnade Society Kharadi Pune]]>
              </value>
            </param>
            <param index="3">
              <value>
                <![CDATA[Pune]]>
              </value>
            </param>
            <param index="4">
              <value>
                <![CDATA[Mah]]>
              </value>
            </param>
            <param index="5">
              <value>
                <![CDATA[100000]]>
              </value>
            </param>
            <param index="6">
              <value>
                <![CDATA[9999999991]]>
              </value>
            </param>
            <param index="7">
              <value>
                <![CDATA[r2arr@abc.com]]>
              </value>
            </param>
            <param index="8">
              <value>
                <![CDATA[xyz1]]>
              </value>
            </param>
          </params>
          <exception class="org.openqa.selenium.UnhandledAlertException">
            <message>
              <![CDATA[unexpected alert open: {Alert text : Email Address Already Exist !!}
  (Session info: chrome=80.0.3987.132): Email Address Already Exist !!
Build info: version: '3.141.59', revision: 'e82be7d358', time: '2018-11-14T08:25:48'
System info: host: 'DESKTOP-O3E0A86', ip: '192.168.2.4', os.name: 'Windows 10', os.arch: 'amd64', os.version: '10.0', java.version: '1.8.0_212'
Driver info: org.openqa.selenium.chrome.ChromeDriver
Capabilities {acceptInsecureCerts: false, browserName: chrome, browserVersion: 80.0.3987.132, chrome: {chromedriverVersion: 80.0.3987.106 (f68069574609..., userDataDir: C:\Users\DELL\AppData\Local...}, goog:chromeOptions: {debuggerAddress: localhost:50079}, javascriptEnabled: true, networkConnectionEnabled: false, pageLoadStrategy: normal, platform: WINDOWS, platformName: WINDOWS, proxy: Proxy(), setWindowRect: true, strictFileInteractability: false, timeouts: {implicit: 0, pageLoad: 300000, script: 30000}, unhandledPromptBehavior: dismiss and notify}
Session ID: fd3d78919cba0b64e3b588a8b13bd6f4
*** Element info: {Using=css selector, value=p.heading3}]]>
            </message>
            <full-stacktrace>
              <![CDATA[org.openqa.selenium.UnhandledAlertException: unexpected alert open: {Alert text : Email Address Already Exist !!}
  (Session info: chrome=80.0.3987.132): Email Address Already Exist !!
Build info: version: '3.141.59', revision: 'e82be7d358', time: '2018-11-14T08:25:48'
System info: host: 'DESKTOP-O3E0A86', ip: '192.168.2.4', os.name: 'Windows 10', os.arch: 'amd64', os.version: '10.0', java.version: '1.8.0_212'
Driver info: org.openqa.selenium.chrome.ChromeDriver
Capabilities {acceptInsecureCerts: false, browserName: chrome, browserVersion: 80.0.3987.132, chrome: {chromedriverVersion: 80.0.3987.106 (f68069574609..., userDataDir: C:\Users\DELL\AppData\Local...}, goog:chromeOptions: {debuggerAddress: localhost:50079}, javascriptEnabled: true, networkConnectionEnabled: false, pageLoadStrategy: normal, platform: WINDOWS, platformName: WINDOWS, proxy: Proxy(), setWindowRect: true, strictFileInteractability: false, timeouts: {implicit: 0, pageLoad: 300000, script: 30000}, unhandledPromptBehavior: dismiss and notify}
Session ID: fd3d78919cba0b64e3b588a8b13bd6f4
*** Element info: {Using=css selector, value=p.heading3}
at org.openqa.selenium.remote.http.W3CHttpResponseCodec.decode(W3CHttpResponseCodec.java:120)
at org.openqa.selenium.remote.http.W3CHttpResponseCodec.decode(W3CHttpResponseCodec.java:49)
at org.openqa.selenium.remote.HttpCommandExecutor.execute(HttpCommandExecutor.java:158)
at org.openqa.selenium.remote.service.DriverCommandExecutor.execute(DriverCommandExecutor.java:83)
at org.openqa.selenium.remote.RemoteWebDriver.execute(RemoteWebDriver.java:552)
at org.openqa.selenium.remote.RemoteWebDriver.findElement(RemoteWebDriver.java:323)
at org.openqa.selenium.remote.RemoteWebDriver.findElementByCssSelector(RemoteWebDriver.java:420)
at org.openqa.selenium.By$ByCssSelector.findElement(By.java:431)
at org.openqa.selenium.remote.RemoteWebDriver.findElement(RemoteWebDriver.java:315)
at test_cases.NewCustomerTest.enterCustomerDataHere(NewCustomerTest.java:69)
at sun.reflect.NativeMethodAccessorImpl.invoke0(Native Method)
at sun.reflect.NativeMethodAccessorImpl.invoke(NativeMethodAccessorImpl.java:62)
at sun.reflect.DelegatingMethodAccessorImpl.invoke(DelegatingMethodAccessorImpl.java:43)
at java.lang.reflect.Method.invoke(Method.java:498)
at org.testng.internal.MethodInvocationHelper.invokeMethod(MethodInvocationHelper.java:133)
at org.testng.internal.TestInvoker.invokeMethod(TestInvoker.java:584)
at org.testng.internal.TestInvoker.invokeTestMethod(TestInvoker.java:172)
at org.testng.internal.MethodRunner.runInSequence(MethodRunner.java:46)
at org.testng.internal.TestInvoker$MethodInvocationAgent.invoke(TestInvoker.java:804)
at org.testng.internal.TestInvoker.invokeTestMethods(TestInvoker.java:145)
at org.testng.internal.TestMethodWorker.invokeTestMethods(TestMethodWorker.java:146)
at org.testng.internal.TestMethodWorker.run(TestMethodWorker.java:128)
at java.util.ArrayList.forEach(ArrayList.java:1257)
at org.testng.TestRunner.privateRun(TestRunner.java:770)
at org.testng.TestRunner.run(TestRunner.java:591)
at org.testng.SuiteRunner.runTest(SuiteRunner.java:402)
at org.testng.SuiteRunner.runSequentially(SuiteRunner.java:396)
at org.testng.SuiteRunner.privateRun(SuiteRunner.java:355)
at org.testng.SuiteRunner.run(SuiteRunner.java:304)
at org.testng.SuiteRunnerWorker.runSuite(SuiteRunnerWorker.java:53)
at org.testng.SuiteRunnerWorker.run(SuiteRunnerWorker.java:96)
at org.testng.TestNG.runSuitesSequentially(TestNG.java:1180)
at org.testng.TestNG.runSuitesLocally(TestNG.java:1102)
at org.testng.TestNG.runSuites(TestNG.java:1032)
at org.testng.TestNG.run(TestNG.java:1000)
at org.testng.remote.AbstractRemoteTestNG.run(AbstractRemoteTestNG.java:115)
at org.testng.remote.RemoteTestNG.initAndRun(RemoteTestNG.java:251)
at org.testng.remote.RemoteTestNG.main(RemoteTestNG.java:77)
]]>
            </full-stacktrace>
          </exception> <!-- org.openqa.selenium.UnhandledAlertException -->
          <reporter-output>
            <line>
              <![CDATA[enterCustomerDataHere Test Started..]]>
            </line>
          </reporter-output>
        </test-method> <!-- enterCustomerDataHere -->
        <test-method status="PASS" signature="setUp()[pri:0, instance:test_cases.NewCustomerTest@3e57cd70]" name="setUp" is-config="true" duration-ms="1" started-at="2020-03-13T16:04:07 IST" finished-at="2020-03-13T16:04:07 IST">
          <reporter-output>
          </reporter-output>
        </test-method> <!-- setUp -->
        <test-method status="FAIL" signature="enterCustomerDataHere(java.lang.String, java.lang.String, java.lang.String, java.lang.String, java.lang.String, java.lang.String, java.lang.String, java.lang.String, java.lang.String)[pri:2, instance:test_cases.NewCustomerTest@3e57cd70]" name="enterCustomerDataHere" duration-ms="1448" started-at="2020-03-13T16:04:07 IST" data-provider="readExcel" finished-at="2020-03-13T16:04:08 IST">
          <params>
            <param index="0">
              <value>
                <![CDATA[bb]]>
              </value>
            </param>
            <param index="1">
              <value>
                <![CDATA[12-03-1979]]>
              </value>
            </param>
            <param index="2">
              <value>
                <![CDATA[C400 Colonnade Society Kharadi Pune]]>
              </value>
            </param>
            <param index="3">
              <value>
                <![CDATA[Delhi]]>
              </value>
            </param>
            <param index="4">
              <value>
                <![CDATA[Delhi]]>
              </value>
            </param>
            <param index="5">
              <value>
                <![CDATA[100001]]>
              </value>
            </param>
            <param index="6">
              <value>
                <![CDATA[9999999911]]>
              </value>
            </param>
            <param index="7">
              <value>
                <![CDATA[bpooDb@abc.com]]>
              </value>
            </param>
            <param index="8">
              <value>
                <![CDATA[xyz2]]>
              </value>
            </param>
          </params>
          <exception class="org.openqa.selenium.UnhandledAlertException">
            <message>
              <![CDATA[unexpected alert open: {Alert text : Email Address Already Exist !!}
  (Session info: chrome=80.0.3987.132): Email Address Already Exist !!
Build info: version: '3.141.59', revision: 'e82be7d358', time: '2018-11-14T08:25:48'
System info: host: 'DESKTOP-O3E0A86', ip: '192.168.2.4', os.name: 'Windows 10', os.arch: 'amd64', os.version: '10.0', java.version: '1.8.0_212'
Driver info: org.openqa.selenium.chrome.ChromeDriver
Capabilities {acceptInsecureCerts: false, browserName: chrome, browserVersion: 80.0.3987.132, chrome: {chromedriverVersion: 80.0.3987.106 (f68069574609..., userDataDir: C:\Users\DELL\AppData\Local...}, goog:chromeOptions: {debuggerAddress: localhost:50079}, javascriptEnabled: true, networkConnectionEnabled: false, pageLoadStrategy: normal, platform: WINDOWS, platformName: WINDOWS, proxy: Proxy(), setWindowRect: true, strictFileInteractability: false, timeouts: {implicit: 0, pageLoad: 300000, script: 30000}, unhandledPromptBehavior: dismiss and notify}
Session ID: fd3d78919cba0b64e3b588a8b13bd6f4
*** Element info: {Using=css selector, value=p.heading3}]]>
            </message>
            <full-stacktrace>
              <![CDATA[org.openqa.selenium.UnhandledAlertException: unexpected alert open: {Alert text : Email Address Already Exist !!}
  (Session info: chrome=80.0.3987.132): Email Address Already Exist !!
Build info: version: '3.141.59', revision: 'e82be7d358', time: '2018-11-14T08:25:48'
System info: host: 'DESKTOP-O3E0A86', ip: '192.168.2.4', os.name: 'Windows 10', os.arch: 'amd64', os.version: '10.0', java.version: '1.8.0_212'
Driver info: org.openqa.selenium.chrome.ChromeDriver
Capabilities {acceptInsecureCerts: false, browserName: chrome, browserVersion: 80.0.3987.132, chrome: {chromedriverVersion: 80.0.3987.106 (f68069574609..., userDataDir: C:\Users\DELL\AppData\Local...}, goog:chromeOptions: {debuggerAddress: localhost:50079}, javascriptEnabled: true, networkConnectionEnabled: false, pageLoadStrategy: normal, platform: WINDOWS, platformName: WINDOWS, proxy: Proxy(), setWindowRect: true, strictFileInteractability: false, timeouts: {implicit: 0, pageLoad: 300000, script: 30000}, unhandledPromptBehavior: dismiss and notify}
Session ID: fd3d78919cba0b64e3b588a8b13bd6f4
*** Element info: {Using=css selector, value=p.heading3}
at org.openqa.selenium.remote.http.W3CHttpResponseCodec.decode(W3CHttpResponseCodec.java:120)
at org.openqa.selenium.remote.http.W3CHttpResponseCodec.decode(W3CHttpResponseCodec.java:49)
at org.openqa.selenium.remote.HttpCommandExecutor.execute(HttpCommandExecutor.java:158)
at org.openqa.selenium.remote.service.DriverCommandExecutor.execute(DriverCommandExecutor.java:83)
at org.openqa.selenium.remote.RemoteWebDriver.execute(RemoteWebDriver.java:552)
at org.openqa.selenium.remote.RemoteWebDriver.findElement(RemoteWebDriver.java:323)
at org.openqa.selenium.remote.RemoteWebDriver.findElementByCssSelector(RemoteWebDriver.java:420)
at org.openqa.selenium.By$ByCssSelector.findElement(By.java:431)
at org.openqa.selenium.remote.RemoteWebDriver.findElement(RemoteWebDriver.java:315)
at test_cases.NewCustomerTest.enterCustomerDataHere(NewCustomerTest.java:69)
at sun.reflect.NativeMethodAccessorImpl.invoke0(Native Method)
at sun.reflect.NativeMethodAccessorImpl.invoke(NativeMethodAccessorImpl.java:62)
at sun.reflect.DelegatingMethodAccessorImpl.invoke(DelegatingMethodAccessorImpl.java:43)
at java.lang.reflect.Method.invoke(Method.java:498)
at org.testng.internal.MethodInvocationHelper.invokeMethod(MethodInvocationHelper.java:133)
at org.testng.internal.TestInvoker.invokeMethod(TestInvoker.java:584)
at org.testng.internal.TestInvoker.invokeTestMethod(TestInvoker.java:172)
at org.testng.internal.MethodRunner.runInSequence(MethodRunner.java:46)
at org.testng.internal.TestInvoker$MethodInvocationAgent.invoke(TestInvoker.java:804)
at org.testng.internal.TestInvoker.invokeTestMethods(TestInvoker.java:145)
at org.testng.internal.TestMethodWorker.invokeTestMethods(TestMethodWorker.java:146)
at org.testng.internal.TestMethodWorker.run(TestMethodWorker.java:128)
at java.util.ArrayList.forEach(ArrayList.java:1257)
at org.testng.TestRunner.privateRun(TestRunner.java:770)
at org.testng.TestRunner.run(TestRunner.java:591)
at org.testng.SuiteRunner.runTest(SuiteRunner.java:402)
at org.testng.SuiteRunner.runSequentially(SuiteRunner.java:396)
at org.testng.SuiteRunner.privateRun(SuiteRunner.java:355)
at org.testng.SuiteRunner.run(SuiteRunner.java:304)
at org.testng.SuiteRunnerWorker.runSuite(SuiteRunnerWorker.java:53)
at org.testng.SuiteRunnerWorker.run(SuiteRunnerWorker.java:96)
at org.testng.TestNG.runSuitesSequentially(TestNG.java:1180)
at org.testng.TestNG.runSuitesLocally(TestNG.java:1102)
at org.testng.TestNG.runSuites(TestNG.java:1032)
at org.testng.TestNG.run(TestNG.java:1000)
at org.testng.remote.AbstractRemoteTestNG.run(AbstractRemoteTestNG.java:115)
at org.testng.remote.RemoteTestNG.initAndRun(RemoteTestNG.java:251)
at org.testng.remote.RemoteTestNG.main(RemoteTestNG.java:77)
]]>
            </full-stacktrace>
          </exception> <!-- org.openqa.selenium.UnhandledAlertException -->
          <reporter-output>
            <line>
              <![CDATA[enterCustomerDataHere Test Started..]]>
            </line>
          </reporter-output>
        </test-method> <!-- enterCustomerDataHere -->
        <test-method status="PASS" signature="setUp()[pri:0, instance:test_cases.NewCustomerTest@3e57cd70]" name="setUp" is-config="true" duration-ms="2" started-at="2020-03-13T16:04:09 IST" finished-at="2020-03-13T16:04:09 IST">
          <reporter-output>
          </reporter-output>
        </test-method> <!-- setUp -->
        <test-method status="PASS" signature="enterCustomerDataHere(java.lang.String, java.lang.String, java.lang.String, java.lang.String, java.lang.String, java.lang.String, java.lang.String, java.lang.String, java.lang.String)[pri:2, instance:test_cases.NewCustomerTest@3e57cd70]" name="enterCustomerDataHere" duration-ms="7004" started-at="2020-03-13T16:04:09 IST" data-provider="readExcel" finished-at="2020-03-13T16:04:16 IST">
          <params>
            <param index="0">
              <value>
                <![CDATA[cc]]>
              </value>
            </param>
            <param index="1">
              <value>
                <![CDATA[12-03-1980]]>
              </value>
            </param>
            <param index="2">
              <value>
                <![CDATA[C402 Colonnade Society Kharadi Pune]]>
              </value>
            </param>
            <param index="3">
              <value>
                <![CDATA[Pune]]>
              </value>
            </param>
            <param index="4">
              <value>
                <![CDATA[Mah]]>
              </value>
            </param>
            <param index="5">
              <value>
                <![CDATA[100002]]>
              </value>
            </param>
            <param index="6">
              <value>
                <![CDATA[9999999991]]>
              </value>
            </param>
            <param index="7">
              <value>
                <![CDATA[chhp34c@abc.com]]>
              </value>
            </param>
            <param index="8">
              <value>
                <![CDATA[xyz3]]>
              </value>
            </param>
          </params>
          <reporter-output>
            <line>
              <![CDATA[enterCustomerDataHere Test Started..]]>
            </line>
          </reporter-output>
        </test-method> <!-- enterCustomerDataHere -->
        <test-method status="PASS" signature="setUp()[pri:0, instance:test_cases.NewCustomerTest@3e57cd70]" name="setUp" is-config="true" duration-ms="8" started-at="2020-03-13T16:04:16 IST" finished-at="2020-03-13T16:04:16 IST">
          <reporter-output>
          </reporter-output>
        </test-method> <!-- setUp -->
        <test-method status="PASS" signature="enterCustomerDataHere(java.lang.String, java.lang.String, java.lang.String, java.lang.String, java.lang.String, java.lang.String, java.lang.String, java.lang.String, java.lang.String)[pri:2, instance:test_cases.NewCustomerTest@3e57cd70]" name="enterCustomerDataHere" duration-ms="7335" started-at="2020-03-13T16:04:16 IST" data-provider="readExcel" finished-at="2020-03-13T16:04:23 IST">
          <params>
            <param index="0">
              <value>
                <![CDATA[dd]]>
              </value>
            </param>
            <param index="1">
              <value>
                <![CDATA[12-03-1981]]>
              </value>
            </param>
            <param index="2">
              <value>
                <![CDATA[C400 Colonnade Society Kharadi Pune]]>
              </value>
            </param>
            <param index="3">
              <value>
                <![CDATA[Delhi]]>
              </value>
            </param>
            <param index="4">
              <value>
                <![CDATA[Delhi]]>
              </value>
            </param>
            <param index="5">
              <value>
                <![CDATA[100003]]>
              </value>
            </param>
            <param index="6">
              <value>
                <![CDATA[9999999911]]>
              </value>
            </param>
            <param index="7">
              <value>
                <![CDATA[lllD1@abc.com]]>
              </value>
            </param>
            <param index="8">
              <value>
                <![CDATA[xyz4]]>
              </value>
            </param>
          </params>
          <reporter-output>
            <line>
              <![CDATA[enterCustomerDataHere Test Started..]]>
            </line>
          </reporter-output>
        </test-method> <!-- enterCustomerDataHere -->
      </class> <!-- test_cases.NewCustomerTest -->
      <class name="test_cases.HomePageTest">
        <test-method status="PASS" signature="setup()[pri:0, instance:test_cases.HomePageTest@1d8d30f7]" name="setup" is-config="true" duration-ms="3" started-at="2020-03-13T16:04:01 IST" finished-at="2020-03-13T16:04:01 IST">
          <reporter-output>
          </reporter-output>
        </test-method> <!-- setup -->
        <test-method status="PASS" signature="setUp()[pri:0, instance:test_cases.HomePageTest@1d8d30f7]" name="setUp" is-config="true" duration-ms="1" started-at="2020-03-13T16:04:01 IST" finished-at="2020-03-13T16:04:01 IST">
          <reporter-output>
          </reporter-output>
        </test-method> <!-- setUp -->
        <test-method status="PASS" signature="login()[pri:0, instance:test_cases.HomePageTest@1d8d30f7]" name="login" duration-ms="1758" started-at="2020-03-13T16:04:01 IST" finished-at="2020-03-13T16:04:03 IST">
          <reporter-output>
            <line>
              <![CDATA[login Test Started..]]>
            </line>
          </reporter-output>
        </test-method> <!-- login -->
      </class> <!-- test_cases.HomePageTest -->
      <class name="test_cases.LoginTest">
        <test-method status="PASS" signature="setup()[pri:0, instance:test_cases.LoginTest@32d2fa64]" name="setup" is-config="true" duration-ms="45" started-at="2020-03-13T16:03:44 IST" finished-at="2020-03-13T16:03:44 IST">
          <reporter-output>
          </reporter-output>
        </test-method> <!-- setup -->
        <test-method status="PASS" signature="setUp()[pri:0, instance:test_cases.LoginTest@32d2fa64]" name="setUp" is-config="true" duration-ms="14824" started-at="2020-03-13T16:03:44 IST" finished-at="2020-03-13T16:03:59 IST">
          <reporter-output>
          </reporter-output>
        </test-method> <!-- setUp -->
        <test-method status="PASS" signature="login()[pri:0, instance:test_cases.LoginTest@32d2fa64]" name="login" duration-ms="1680" started-at="2020-03-13T16:03:59 IST" finished-at="2020-03-13T16:04:01 IST">
          <reporter-output>
            <line>
              <![CDATA[login Test Started..]]>
            </line>
          </reporter-output>
        </test-method> <!-- login -->
        <test-method status="PASS" signature="TeardownTest()[pri:0, instance:test_cases.LoginTest@32d2fa64]" name="TeardownTest" is-config="true" duration-ms="773" started-at="2020-03-13T16:04:24 IST" finished-at="2020-03-13T16:04:24 IST">
          <reporter-output>
          </reporter-output>
        </test-method> <!-- TeardownTest -->
      </class> <!-- test_cases.LoginTest -->
    </test> <!-- PTC UI Frameork -->
  </suite> <!-- Suite -->
</testng-results>
